<?xml version="1.0" encoding="UTF-8"?>
<testsuite name="org.rzsp.filemanager.TestFileManager" tests="1" skipped="0" failures="0" errors="0" timestamp="2025-11-05T18:11:29.392Z" hostname="arch" time="0.162">
  <properties/>
  <testcase name="testFileManagerConstructorWithSourceAndDestinationDirectoryEquals()" classname="org.rzsp.filemanager.TestFileManager" time="0.162"/>
  <system-out><![CDATA[21:11:29.547 [Test worker] DEBUG org.rzsp.filemanager.FileManager - Initializing File Manager
21:11:29.550 [Test worker] DEBUG org.rzsp.filemanager.FileValidator - Validating source path: /tmp/tempDir2658381742454189435
21:11:29.550 [Test worker] DEBUG org.rzsp.filemanager.FileValidator - Validation for source path is successful
21:11:29.550 [Test worker] DEBUG org.rzsp.filemanager.FileValidator - Validation destination path: /tmp/tempDir2658381742454189435
21:11:29.550 [Test worker] DEBUG org.rzsp.filemanager.FileValidator - Validation for destination path is successful
]]></system-out>
  <system-err><![CDATA[]]></system-err>
</testsuite>
